<?xml version="1.0" encoding="UTF-8"?>
<testsuite xmlns:xsi="http://www.w3.org/2001/XMLSchema-instance" xsi:noNamespaceSchemaLocation="https://maven.apache.org/surefire/maven-surefire-plugin/xsd/surefire-test-report-3.0.xsd" version="3.0" name="unit.TestJSONParser" time="0.0" tests="4" errors="0" skipped="0" failures="0">
  <properties>
[...]
</properties>
  <testcase name="testGetJSONIntValue" classname="unit.TestJSONParser" time="0.0"/>
  <testcase name="testGetJSONStringValueThrowException" classname="unit.TestJSONParser" time="0.0"/>
  <testcase name="testGetJSONIntValueThrowException" classname="unit.TestJSONParser" time="0.0"/>
  <testcase name="testGetJSONStringValue" classname="unit.TestJSONParser" time="0.0"/>
</testsuite>